Copyright 1986-2017 Xilinx, Inc. All Rights Reserved.
---------------------------------------------------------------------------------------------
| Tool Version : Vivado v.2017.1 (lin64) Build 1846317 Fri Apr 14 18:54:47 MDT 2017
| Date         : Mon Jun 19 20:15:31 2017
| Host         : ariel-GT70 running 64-bit Ubuntu 14.04.5 LTS
| Command      : report_control_sets -verbose -file design_1_wrapper_control_sets_placed.rpt
| Design       : design_1_wrapper
| Device       : xc7z020
---------------------------------------------------------------------------------------------

Control Set Information

Table of Contents
-----------------
1. Summary
2. Flip-Flop Distribution
3. Detailed Control Set Information

1. Summary
----------

+----------------------------------------------------------+-------+
|                          Status                          | Count |
+----------------------------------------------------------+-------+
| Number of unique control sets                            |    74 |
| Unused register locations in slices containing registers |   118 |
+----------------------------------------------------------+-------+


2. Flip-Flop Distribution
-------------------------

+--------------+-----------------------+------------------------+-----------------+--------------+
| Clock Enable | Synchronous Set/Reset | Asynchronous Set/Reset | Total Registers | Total Slices |
+--------------+-----------------------+------------------------+-----------------+--------------+
| No           | No                    | No                     |             237 |           71 |
| No           | No                    | Yes                    |               0 |            0 |
| No           | Yes                   | No                     |              98 |           33 |
| Yes          | No                    | No                     |             403 |           85 |
| Yes          | No                    | Yes                    |               0 |            0 |
| Yes          | Yes                   | No                     |             360 |           64 |
+--------------+-----------------------+------------------------+-----------------+--------------+


3. Detailed Control Set Information
-----------------------------------

+----------------------------------------------------------------------------------------------------------+---------------------------------------------------------------------------------------------------------------------------------------------------------------+------------------------------------------------------------------------------------------------------------------------------------------+------------------+----------------+
|                                               Clock Signal                                               |                                                                         Enable Signal                                                                         |                                                             Set/Reset Signal                                                             | Slice Load Count | Bel Load Count |
+----------------------------------------------------------------------------------------------------------+---------------------------------------------------------------------------------------------------------------------------------------------------------------+------------------------------------------------------------------------------------------------------------------------------------------+------------------+----------------+
|  design_1_i/TP_TD4_I2S_Behavioral_0/U0/TP_TD4_I2S_Behavioral_v1_0_S00_AXI_inst/sync_bclk                 |                                                                                                                                                               |                                                                                                                                          |                1 |              2 |
|  design_1_i/processing_system7_0/inst/FCLK_CLK0                                                          | design_1_i/ps7_0_axi_periph/s00_couplers/auto_pc/inst/gen_axilite.gen_b2s_conv.axilite_b2s/WR.b_channel_0/bid_fifo_0/bresp_push                               |                                                                                                                                          |                1 |              2 |
|  design_1_i/processing_system7_0/inst/FCLK_CLK0                                                          | design_1_i/ps7_0_axi_periph/s00_couplers/auto_pc/inst/gen_axilite.gen_b2s_conv.axilite_b2s/WR.aw_channel_0/cmd_translator_0/incr_cmd_0/axaddr_incr[0]_i_1_n_0 |                                                                                                                                          |                1 |              4 |
|  design_1_i/processing_system7_0/inst/FCLK_CLK0                                                          | design_1_i/ps7_0_axi_periph/s00_couplers/auto_pc/inst/gen_axilite.gen_b2s_conv.axilite_b2s/WR.aw_channel_0/aw_cmd_fsm_0/E[0]                                  |                                                                                                                                          |                1 |              4 |
|  design_1_i/processing_system7_0/inst/FCLK_CLK0                                                          | design_1_i/ps7_0_axi_periph/s00_couplers/auto_pc/inst/gen_axilite.gen_b2s_conv.axilite_b2s/WR.aw_channel_0/aw_cmd_fsm_0/axaddr_wrap_reg[0]                    | design_1_i/ps7_0_axi_periph/s00_couplers/auto_pc/inst/gen_axilite.gen_b2s_conv.axilite_b2s/WR.aw_channel_0/aw_cmd_fsm_0/axlen_cnt_reg[7] |                1 |              4 |
|  design_1_i/processing_system7_0/inst/FCLK_CLK0                                                          | design_1_i/ps7_0_axi_periph/s00_couplers/auto_pc/inst/gen_axilite.gen_b2s_conv.axilite_b2s/RD.ar_channel_0/ar_cmd_fsm_0/E[0]                                  |                                                                                                                                          |                2 |              4 |
|  design_1_i/processing_system7_0/inst/FCLK_CLK0                                                          |                                                                                                                                                               | design_1_i/ps7_0_axi_periph/s00_couplers/auto_pc/inst/gen_axilite.gen_b2s_conv.axilite_b2s/SI_REG/ar_pipe/m_valid_i_reg_0                |                3 |              4 |
|  design_1_i/processing_system7_0/inst/FCLK_CLK0                                                          |                                                                                                                                                               | design_1_i/ps7_0_axi_periph/s00_couplers/auto_pc/inst/gen_axilite.gen_b2s_conv.axilite_b2s/SI_REG/aw_pipe/s_ready_i_reg_0                |                3 |              4 |
|  design_1_i/processing_system7_0/inst/FCLK_CLK0                                                          | design_1_i/ps7_0_axi_periph/s00_couplers/auto_pc/inst/gen_axilite.gen_b2s_conv.axilite_b2s/RD.ar_channel_0/ar_cmd_fsm_0/axlen_cnt_reg[4][0]                   | design_1_i/ps7_0_axi_periph/s00_couplers/auto_pc/inst/gen_axilite.gen_b2s_conv.axilite_b2s/RD.ar_channel_0/ar_cmd_fsm_0/axlen_cnt_reg[7] |                2 |              4 |
|  design_1_i/processing_system7_0/inst/FCLK_CLK0                                                          | design_1_i/ps7_0_axi_periph/s00_couplers/auto_pc/inst/gen_axilite.gen_b2s_conv.axilite_b2s/RD.ar_channel_0/ar_cmd_fsm_0/axaddr_incr_reg[11]                   |                                                                                                                                          |                1 |              4 |
|  design_1_i/processing_system7_0/inst/FCLK_CLK0                                                          |                                                                                                                                                               | design_1_i/rst_ps7_0_100M/U0/EXT_LPF/lpf_int                                                                                             |                4 |              5 |
|  design_1_i/TP_TD4_I2S_Structural_0/U0/TP_TD4_I2S_Structural_v1_0_S00_AXI_inst/toggle_lrclk_i_2_n_0      |                                                                                                                                                               |                                                                                                                                          |                1 |              6 |
|  design_1_i/TP_TD4_I2S_Behavioral_0/U0/TP_TD4_I2S_Behavioral_v1_0_S00_AXI_inst/toggle_lrclk_i_2_n_0      |                                                                                                                                                               |                                                                                                                                          |                1 |              6 |
|  design_1_i/processing_system7_0/inst/FCLK_CLK0                                                          | design_1_i/rst_ps7_0_100M/U0/SEQ/seq_cnt_en                                                                                                                   | design_1_i/rst_ps7_0_100M/U0/SEQ/SEQ_COUNTER/clear                                                                                       |                1 |              6 |
|  design_1_i/processing_system7_0/inst/FCLK_CLK0                                                          | design_1_i/TP_TD4_I2S_Structural_0/U0/TP_TD4_I2S_Structural_v1_0_S00_AXI_inst/slv_reg0[15]_i_1_n_0                                                            | design_1_i/TP_TD4_I2S_Structural_0/U0/TP_TD4_I2S_Structural_v1_0_S00_AXI_inst/axi_awready_i_1_n_0                                        |                1 |              8 |
|  design_1_i/processing_system7_0/inst/FCLK_CLK0                                                          | design_1_i/TP_TD4_I2S_Behavioral_0/U0/TP_TD4_I2S_Behavioral_v1_0_S00_AXI_inst/slv_reg1[23]_i_1_n_0                                                            | design_1_i/TP_TD4_I2S_Behavioral_0/U0/TP_TD4_I2S_Behavioral_v1_0_S00_AXI_inst/axi_awready_i_1_n_0                                        |                2 |              8 |
|  design_1_i/processing_system7_0/inst/FCLK_CLK0                                                          | design_1_i/TP_TD4_I2S_Structural_0/U0/TP_TD4_I2S_Structural_v1_0_S00_AXI_inst/p_1_in[15]                                                                      | design_1_i/TP_TD4_I2S_Structural_0/U0/TP_TD4_I2S_Structural_v1_0_S00_AXI_inst/axi_awready_i_1_n_0                                        |                1 |              8 |
|  design_1_i/processing_system7_0/inst/FCLK_CLK0                                                          | design_1_i/TP_TD4_I2S_Structural_0/U0/TP_TD4_I2S_Structural_v1_0_S00_AXI_inst/p_1_in[23]                                                                      | design_1_i/TP_TD4_I2S_Structural_0/U0/TP_TD4_I2S_Structural_v1_0_S00_AXI_inst/axi_awready_i_1_n_0                                        |                1 |              8 |
|  design_1_i/processing_system7_0/inst/FCLK_CLK0                                                          | design_1_i/TP_TD4_I2S_Structural_0/U0/TP_TD4_I2S_Structural_v1_0_S00_AXI_inst/p_1_in[7]                                                                       | design_1_i/TP_TD4_I2S_Structural_0/U0/TP_TD4_I2S_Structural_v1_0_S00_AXI_inst/axi_awready_i_1_n_0                                        |                1 |              8 |
|  design_1_i/processing_system7_0/inst/FCLK_CLK0                                                          | design_1_i/TP_TD4_I2S_Structural_0/U0/TP_TD4_I2S_Structural_v1_0_S00_AXI_inst/slv_reg2[7]_i_1_n_0                                                             | design_1_i/TP_TD4_I2S_Structural_0/U0/TP_TD4_I2S_Structural_v1_0_S00_AXI_inst/axi_awready_i_1_n_0                                        |                1 |              8 |
|  design_1_i/processing_system7_0/inst/FCLK_CLK0                                                          | design_1_i/TP_TD4_I2S_Structural_0/U0/TP_TD4_I2S_Structural_v1_0_S00_AXI_inst/slv_reg1[31]_i_1_n_0                                                            | design_1_i/TP_TD4_I2S_Structural_0/U0/TP_TD4_I2S_Structural_v1_0_S00_AXI_inst/axi_awready_i_1_n_0                                        |                1 |              8 |
|  design_1_i/processing_system7_0/inst/FCLK_CLK0                                                          | design_1_i/TP_TD4_I2S_Structural_0/U0/TP_TD4_I2S_Structural_v1_0_S00_AXI_inst/slv_reg2[31]_i_1_n_0                                                            | design_1_i/TP_TD4_I2S_Structural_0/U0/TP_TD4_I2S_Structural_v1_0_S00_AXI_inst/axi_awready_i_1_n_0                                        |                1 |              8 |
|  design_1_i/processing_system7_0/inst/FCLK_CLK0                                                          | design_1_i/TP_TD4_I2S_Structural_0/U0/TP_TD4_I2S_Structural_v1_0_S00_AXI_inst/p_1_in[31]                                                                      | design_1_i/TP_TD4_I2S_Structural_0/U0/TP_TD4_I2S_Structural_v1_0_S00_AXI_inst/axi_awready_i_1_n_0                                        |                1 |              8 |
|  design_1_i/processing_system7_0/inst/FCLK_CLK0                                                          | design_1_i/TP_TD4_I2S_Structural_0/U0/TP_TD4_I2S_Structural_v1_0_S00_AXI_inst/slv_reg0[31]_i_1_n_0                                                            | design_1_i/TP_TD4_I2S_Structural_0/U0/TP_TD4_I2S_Structural_v1_0_S00_AXI_inst/axi_awready_i_1_n_0                                        |                1 |              8 |
|  design_1_i/processing_system7_0/inst/FCLK_CLK0                                                          | design_1_i/TP_TD4_I2S_Structural_0/U0/TP_TD4_I2S_Structural_v1_0_S00_AXI_inst/slv_reg2[23]_i_1_n_0                                                            | design_1_i/TP_TD4_I2S_Structural_0/U0/TP_TD4_I2S_Structural_v1_0_S00_AXI_inst/axi_awready_i_1_n_0                                        |                1 |              8 |
|  design_1_i/processing_system7_0/inst/FCLK_CLK0                                                          | design_1_i/TP_TD4_I2S_Structural_0/U0/TP_TD4_I2S_Structural_v1_0_S00_AXI_inst/slv_reg2[15]_i_1_n_0                                                            | design_1_i/TP_TD4_I2S_Structural_0/U0/TP_TD4_I2S_Structural_v1_0_S00_AXI_inst/axi_awready_i_1_n_0                                        |                1 |              8 |
|  design_1_i/processing_system7_0/inst/FCLK_CLK0                                                          | design_1_i/TP_TD4_I2S_Structural_0/U0/TP_TD4_I2S_Structural_v1_0_S00_AXI_inst/slv_reg1[7]_i_1_n_0                                                             | design_1_i/TP_TD4_I2S_Structural_0/U0/TP_TD4_I2S_Structural_v1_0_S00_AXI_inst/axi_awready_i_1_n_0                                        |                1 |              8 |
|  design_1_i/processing_system7_0/inst/FCLK_CLK0                                                          | design_1_i/TP_TD4_I2S_Structural_0/U0/TP_TD4_I2S_Structural_v1_0_S00_AXI_inst/slv_reg1[23]_i_1_n_0                                                            | design_1_i/TP_TD4_I2S_Structural_0/U0/TP_TD4_I2S_Structural_v1_0_S00_AXI_inst/axi_awready_i_1_n_0                                        |                1 |              8 |
|  design_1_i/processing_system7_0/inst/FCLK_CLK0                                                          | design_1_i/TP_TD4_I2S_Structural_0/U0/TP_TD4_I2S_Structural_v1_0_S00_AXI_inst/slv_reg1[15]_i_1_n_0                                                            | design_1_i/TP_TD4_I2S_Structural_0/U0/TP_TD4_I2S_Structural_v1_0_S00_AXI_inst/axi_awready_i_1_n_0                                        |                1 |              8 |
|  design_1_i/processing_system7_0/inst/FCLK_CLK0                                                          | design_1_i/TP_TD4_I2S_Structural_0/U0/TP_TD4_I2S_Structural_v1_0_S00_AXI_inst/slv_reg0[23]_i_1_n_0                                                            | design_1_i/TP_TD4_I2S_Structural_0/U0/TP_TD4_I2S_Structural_v1_0_S00_AXI_inst/axi_awready_i_1_n_0                                        |                1 |              8 |
|  design_1_i/processing_system7_0/inst/FCLK_CLK0                                                          | design_1_i/TP_TD4_I2S_Structural_0/U0/TP_TD4_I2S_Structural_v1_0_S00_AXI_inst/slv_reg0[7]_i_1_n_0                                                             | design_1_i/TP_TD4_I2S_Structural_0/U0/TP_TD4_I2S_Structural_v1_0_S00_AXI_inst/axi_awready_i_1_n_0                                        |                1 |              8 |
|  design_1_i/processing_system7_0/inst/FCLK_CLK0                                                          | design_1_i/ps7_0_axi_periph/s00_couplers/auto_pc/inst/gen_axilite.gen_b2s_conv.axilite_b2s/WR.b_channel_0/mhandshake_r                                        | design_1_i/ps7_0_axi_periph/s00_couplers/auto_pc/inst/gen_axilite.gen_b2s_conv.axilite_b2s/WR.b_channel_0/bid_fifo_0/SR[0]               |                2 |              8 |
|  design_1_i/processing_system7_0/inst/FCLK_CLK0                                                          | design_1_i/TP_TD4_I2S_Behavioral_0/U0/TP_TD4_I2S_Behavioral_v1_0_S00_AXI_inst/slv_reg0[23]_i_1_n_0                                                            | design_1_i/TP_TD4_I2S_Behavioral_0/U0/TP_TD4_I2S_Behavioral_v1_0_S00_AXI_inst/axi_awready_i_1_n_0                                        |                1 |              8 |
|  design_1_i/processing_system7_0/inst/FCLK_CLK0                                                          | design_1_i/TP_TD4_I2S_Behavioral_0/U0/TP_TD4_I2S_Behavioral_v1_0_S00_AXI_inst/slv_reg0[7]_i_1_n_0                                                             | design_1_i/TP_TD4_I2S_Behavioral_0/U0/TP_TD4_I2S_Behavioral_v1_0_S00_AXI_inst/axi_awready_i_1_n_0                                        |                1 |              8 |
|  design_1_i/processing_system7_0/inst/FCLK_CLK0                                                          | design_1_i/TP_TD4_I2S_Behavioral_0/U0/TP_TD4_I2S_Behavioral_v1_0_S00_AXI_inst/p_1_in[15]                                                                      | design_1_i/TP_TD4_I2S_Behavioral_0/U0/TP_TD4_I2S_Behavioral_v1_0_S00_AXI_inst/axi_awready_i_1_n_0                                        |                1 |              8 |
|  design_1_i/processing_system7_0/inst/FCLK_CLK0                                                          | design_1_i/TP_TD4_I2S_Behavioral_0/U0/TP_TD4_I2S_Behavioral_v1_0_S00_AXI_inst/p_1_in[23]                                                                      | design_1_i/TP_TD4_I2S_Behavioral_0/U0/TP_TD4_I2S_Behavioral_v1_0_S00_AXI_inst/axi_awready_i_1_n_0                                        |                1 |              8 |
|  design_1_i/processing_system7_0/inst/FCLK_CLK0                                                          | design_1_i/TP_TD4_I2S_Behavioral_0/U0/TP_TD4_I2S_Behavioral_v1_0_S00_AXI_inst/p_1_in[7]                                                                       | design_1_i/TP_TD4_I2S_Behavioral_0/U0/TP_TD4_I2S_Behavioral_v1_0_S00_AXI_inst/axi_awready_i_1_n_0                                        |                1 |              8 |
|  design_1_i/processing_system7_0/inst/FCLK_CLK0                                                          | design_1_i/TP_TD4_I2S_Behavioral_0/U0/TP_TD4_I2S_Behavioral_v1_0_S00_AXI_inst/slv_reg2[7]_i_1_n_0                                                             | design_1_i/TP_TD4_I2S_Behavioral_0/U0/TP_TD4_I2S_Behavioral_v1_0_S00_AXI_inst/axi_awready_i_1_n_0                                        |                1 |              8 |
|  design_1_i/processing_system7_0/inst/FCLK_CLK0                                                          | design_1_i/TP_TD4_I2S_Behavioral_0/U0/TP_TD4_I2S_Behavioral_v1_0_S00_AXI_inst/slv_reg2[31]_i_1_n_0                                                            | design_1_i/TP_TD4_I2S_Behavioral_0/U0/TP_TD4_I2S_Behavioral_v1_0_S00_AXI_inst/axi_awready_i_1_n_0                                        |                2 |              8 |
|  design_1_i/processing_system7_0/inst/FCLK_CLK0                                                          | design_1_i/TP_TD4_I2S_Behavioral_0/U0/TP_TD4_I2S_Behavioral_v1_0_S00_AXI_inst/p_1_in[31]                                                                      | design_1_i/TP_TD4_I2S_Behavioral_0/U0/TP_TD4_I2S_Behavioral_v1_0_S00_AXI_inst/axi_awready_i_1_n_0                                        |                1 |              8 |
|  design_1_i/processing_system7_0/inst/FCLK_CLK0                                                          | design_1_i/TP_TD4_I2S_Behavioral_0/U0/TP_TD4_I2S_Behavioral_v1_0_S00_AXI_inst/slv_reg0[15]_i_1_n_0                                                            | design_1_i/TP_TD4_I2S_Behavioral_0/U0/TP_TD4_I2S_Behavioral_v1_0_S00_AXI_inst/axi_awready_i_1_n_0                                        |                1 |              8 |
|  design_1_i/processing_system7_0/inst/FCLK_CLK0                                                          | design_1_i/TP_TD4_I2S_Behavioral_0/U0/TP_TD4_I2S_Behavioral_v1_0_S00_AXI_inst/slv_reg2[15]_i_1_n_0                                                            | design_1_i/TP_TD4_I2S_Behavioral_0/U0/TP_TD4_I2S_Behavioral_v1_0_S00_AXI_inst/axi_awready_i_1_n_0                                        |                1 |              8 |
|  design_1_i/processing_system7_0/inst/FCLK_CLK0                                                          | design_1_i/TP_TD4_I2S_Behavioral_0/U0/TP_TD4_I2S_Behavioral_v1_0_S00_AXI_inst/slv_reg1[7]_i_1_n_0                                                             | design_1_i/TP_TD4_I2S_Behavioral_0/U0/TP_TD4_I2S_Behavioral_v1_0_S00_AXI_inst/axi_awready_i_1_n_0                                        |                1 |              8 |
|  design_1_i/processing_system7_0/inst/FCLK_CLK0                                                          | design_1_i/TP_TD4_I2S_Behavioral_0/U0/TP_TD4_I2S_Behavioral_v1_0_S00_AXI_inst/slv_reg2[23]_i_1_n_0                                                            | design_1_i/TP_TD4_I2S_Behavioral_0/U0/TP_TD4_I2S_Behavioral_v1_0_S00_AXI_inst/axi_awready_i_1_n_0                                        |                1 |              8 |
|  design_1_i/processing_system7_0/inst/FCLK_CLK0                                                          | design_1_i/TP_TD4_I2S_Behavioral_0/U0/TP_TD4_I2S_Behavioral_v1_0_S00_AXI_inst/slv_reg1[31]_i_1_n_0                                                            | design_1_i/TP_TD4_I2S_Behavioral_0/U0/TP_TD4_I2S_Behavioral_v1_0_S00_AXI_inst/axi_awready_i_1_n_0                                        |                1 |              8 |
|  design_1_i/processing_system7_0/inst/FCLK_CLK0                                                          | design_1_i/TP_TD4_I2S_Behavioral_0/U0/TP_TD4_I2S_Behavioral_v1_0_S00_AXI_inst/slv_reg1[15]_i_1_n_0                                                            | design_1_i/TP_TD4_I2S_Behavioral_0/U0/TP_TD4_I2S_Behavioral_v1_0_S00_AXI_inst/axi_awready_i_1_n_0                                        |                1 |              8 |
|  design_1_i/processing_system7_0/inst/FCLK_CLK0                                                          | design_1_i/TP_TD4_I2S_Behavioral_0/U0/TP_TD4_I2S_Behavioral_v1_0_S00_AXI_inst/slv_reg0[31]_i_1_n_0                                                            | design_1_i/TP_TD4_I2S_Behavioral_0/U0/TP_TD4_I2S_Behavioral_v1_0_S00_AXI_inst/axi_awready_i_1_n_0                                        |                2 |              8 |
|  design_1_i/processing_system7_0/inst/FCLK_CLK0                                                          |                                                                                                                                                               | design_1_i/TP_TD4_I2S_Behavioral_0/U0/TP_TD4_I2S_Behavioral_v1_0_S00_AXI_inst/axi_awready_i_1_n_0                                        |                3 |              9 |
|  design_1_i/processing_system7_0/inst/FCLK_CLK0                                                          |                                                                                                                                                               | design_1_i/TP_TD4_I2S_Structural_0/U0/TP_TD4_I2S_Structural_v1_0_S00_AXI_inst/axi_awready_i_1_n_0                                        |                3 |              9 |
|  design_1_i/processing_system7_0/inst/FCLK_CLK0                                                          |                                                                                                                                                               | design_1_i/ps7_0_axi_periph/xbar/inst/gen_sasd.crossbar_sasd_0/addr_arbiter_inst/SR[0]                                                   |                3 |             11 |
|  design_1_i/processing_system7_0/inst/FCLK_CLK0                                                          | design_1_i/ps7_0_axi_periph/s00_couplers/auto_pc/inst/gen_axilite.gen_b2s_conv.axilite_b2s/WR.aw_channel_0/aw_cmd_fsm_0/axaddr_wrap_reg[0]                    |                                                                                                                                          |                4 |             13 |
|  design_1_i/processing_system7_0/inst/FCLK_CLK0                                                          | design_1_i/ps7_0_axi_periph/s00_couplers/auto_pc/inst/gen_axilite.gen_b2s_conv.axilite_b2s/RD.ar_channel_0/ar_cmd_fsm_0/axlen_cnt_reg[4][0]                   |                                                                                                                                          |                6 |             13 |
|  design_1_i/processing_system7_0/inst/FCLK_CLK0                                                          | design_1_i/ps7_0_axi_periph/s00_couplers/auto_pc/inst/gen_axilite.gen_b2s_conv.axilite_b2s/RD.r_channel_0/r_push_r                                            |                                                                                                                                          |                4 |             13 |
|  design_1_i/processing_system7_0/inst/FCLK_CLK0                                                          | design_1_i/ps7_0_axi_periph/s00_couplers/auto_pc/inst/gen_axilite.gen_b2s_conv.axilite_b2s/SI_REG/b_pipe/skid_buffer_reg[0]_0                                 |                                                                                                                                          |                2 |             14 |
|  design_1_i/processing_system7_0/inst/FCLK_CLK0                                                          | design_1_i/ps7_0_axi_periph/s00_couplers/auto_pc/inst/gen_axilite.gen_b2s_conv.axilite_b2s/SI_REG/b_pipe/p_1_in                                               |                                                                                                                                          |                2 |             14 |
|  design_1_i/processing_system7_0/inst/FCLK_CLK0                                                          | design_1_i/ps7_0_axi_periph/s00_couplers/auto_pc/inst/gen_axilite.gen_b2s_conv.axilite_b2s/WR.aw_channel_0/aw_cmd_fsm_0/b_push                                |                                                                                                                                          |                3 |             16 |
| ~design_1_i/TP_TD4_I2S_Behavioral_0/U0/TP_TD4_I2S_Behavioral_v1_0_S00_AXI_inst/sync_bclk                 |                                                                                                                                                               |                                                                                                                                          |                4 |             16 |
| ~design_1_i/TP_TD4_I2S_Structural_0/U0/TP_TD4_I2S_Structural_v1_0_S00_AXI_inst/sync_bclk                 |                                                                                                                                                               |                                                                                                                                          |                6 |             18 |
|  design_1_i/processing_system7_0/inst/FCLK_CLK0                                                          | design_1_i/ps7_0_axi_periph/xbar/inst/gen_sasd.crossbar_sasd_0/addr_arbiter_inst/p_0_in1_in                                                                   | design_1_i/ps7_0_axi_periph/xbar/inst/gen_sasd.crossbar_sasd_0/addr_arbiter_inst/SR[0]                                                   |                6 |             18 |
|  design_1_i/TP_TD4_I2S_Structural_0/U0/TP_TD4_I2S_Structural_v1_0_S00_AXI_inst/sound_reg_reg[31]_i_1_n_0 |                                                                                                                                                               |                                                                                                                                          |                9 |             32 |
|  design_1_i/processing_system7_0/inst/FCLK_CLK0                                                          | design_1_i/ps7_0_axi_periph/xbar/inst/gen_sasd.crossbar_sasd_0/reg_slice_r/aa_rready                                                                          |                                                                                                                                          |               10 |             32 |
|  design_1_i/TP_TD4_I2S_Behavioral_0/U0/TP_TD4_I2S_Behavioral_v1_0_S00_AXI_inst/sound_reg_reg[31]_i_1_n_0 |                                                                                                                                                               |                                                                                                                                          |               10 |             32 |
|  design_1_i/processing_system7_0/inst/FCLK_CLK0                                                          | design_1_i/TP_TD4_I2S_Behavioral_0/U0/TP_TD4_I2S_Behavioral_v1_0_S00_AXI_inst/axi_rdata[31]_i_1_n_0                                                           | design_1_i/TP_TD4_I2S_Behavioral_0/U0/TP_TD4_I2S_Behavioral_v1_0_S00_AXI_inst/axi_awready_i_1_n_0                                        |                9 |             32 |
|  design_1_i/processing_system7_0/inst/FCLK_CLK0                                                          | design_1_i/TP_TD4_I2S_Structural_0/U0/TP_TD4_I2S_Structural_v1_0_S00_AXI_inst/axi_rdata[31]_i_1_n_0                                                           | design_1_i/TP_TD4_I2S_Structural_0/U0/TP_TD4_I2S_Structural_v1_0_S00_AXI_inst/axi_awready_i_1_n_0                                        |                8 |             32 |
|  design_1_i/processing_system7_0/inst/FCLK_CLK0                                                          | design_1_i/ps7_0_axi_periph/s00_couplers/auto_pc/inst/gen_axilite.gen_b2s_conv.axilite_b2s/RD.r_channel_0/rd_data_fifo_0/wr_en0                               |                                                                                                                                          |                9 |             34 |
|  design_1_i/processing_system7_0/inst/FCLK_CLK0                                                          | design_1_i/ps7_0_axi_periph/xbar/inst/gen_sasd.crossbar_sasd_0/addr_arbiter_inst/E[0]                                                                         |                                                                                                                                          |               10 |             35 |
|  design_1_i/processing_system7_0/inst/FCLK_CLK0                                                          | design_1_i/ps7_0_axi_periph/s00_couplers/auto_pc/inst/gen_axilite.gen_b2s_conv.axilite_b2s/WR.aw_channel_0/aw_cmd_fsm_0/m_payload_i_reg[0][0]                 |                                                                                                                                          |               11 |             43 |
|  design_1_i/processing_system7_0/inst/FCLK_CLK0                                                          | design_1_i/ps7_0_axi_periph/s00_couplers/auto_pc/inst/gen_axilite.gen_b2s_conv.axilite_b2s/SI_REG/aw_pipe/s_axi_awready                                       |                                                                                                                                          |                8 |             43 |
|  design_1_i/processing_system7_0/inst/FCLK_CLK0                                                          | design_1_i/ps7_0_axi_periph/s00_couplers/auto_pc/inst/gen_axilite.gen_b2s_conv.axilite_b2s/SI_REG/ar_pipe/s_axi_arready                                       |                                                                                                                                          |                7 |             43 |
|  design_1_i/processing_system7_0/inst/FCLK_CLK0                                                          | design_1_i/ps7_0_axi_periph/s00_couplers/auto_pc/inst/gen_axilite.gen_b2s_conv.axilite_b2s/RD.ar_channel_0/ar_cmd_fsm_0/m_payload_i_reg[0]_1[0]               |                                                                                                                                          |                7 |             43 |
|  design_1_i/processing_system7_0/inst/FCLK_CLK0                                                          | design_1_i/ps7_0_axi_periph/s00_couplers/auto_pc/inst/gen_axilite.gen_b2s_conv.axilite_b2s/SI_REG/r_pipe/skid_buffer_reg[0]_0                                 |                                                                                                                                          |                7 |             47 |
|  design_1_i/processing_system7_0/inst/FCLK_CLK0                                                          | design_1_i/ps7_0_axi_periph/s00_couplers/auto_pc/inst/gen_axilite.gen_b2s_conv.axilite_b2s/SI_REG/r_pipe/p_1_in                                               |                                                                                                                                          |                6 |             47 |
|  design_1_i/processing_system7_0/inst/FCLK_CLK0                                                          |                                                                                                                                                               | design_1_i/ps7_0_axi_periph/s00_couplers/auto_pc/inst/gen_axilite.gen_b2s_conv.axilite_b2s/areset_d1                                     |               14 |             56 |
|  design_1_i/processing_system7_0/inst/FCLK_CLK0                                                          |                                                                                                                                                               |                                                                                                                                          |               40 |            126 |
+----------------------------------------------------------------------------------------------------------+---------------------------------------------------------------------------------------------------------------------------------------------------------------+------------------------------------------------------------------------------------------------------------------------------------------+------------------+----------------+


+--------+-----------------------+
| Fanout | Number of ControlSets |
+--------+-----------------------+
| 2      |                     2 |
| 4      |                     8 |
| 5      |                     1 |
| 6      |                     3 |
| 8      |                    33 |
| 9      |                     2 |
| 11     |                     1 |
| 13     |                     3 |
| 14     |                     2 |
| 16+    |                    19 |
+--------+-----------------------+


